[debug] [2021-01-12T16:14:06.227Z] ----------------------------------------------------------------------
[debug] [2021-01-12T16:14:06.230Z] Command:       /home/tom/.nvm/versions/node/v12.18.3/bin/node /home/tom/.npm-global/bin/firebase serve
[debug] [2021-01-12T16:14:06.231Z] CLI Version:   8.7.0
[debug] [2021-01-12T16:14:06.231Z] Platform:      linux
[debug] [2021-01-12T16:14:06.231Z] Node Version:  v12.18.3
[debug] [2021-01-12T16:14:06.231Z] Time:          Tue Jan 12 2021 17:14:06 GMT+0100 (Central European Standard Time)
[debug] [2021-01-12T16:14:06.232Z] ----------------------------------------------------------------------
[debug] [2021-01-12T16:14:06.232Z] 
[debug] [2021-01-12T16:14:06.238Z] > command requires scopes: ["email","openid","https://www.googleapis.com/auth/cloudplatformprojects.readonly","https://www.googleapis.com/auth/firebase","https://www.googleapis.com/auth/cloud-platform"]
[debug] [2021-01-12T16:14:06.238Z] > authorizing via signed-in user
[debug] [2021-01-12T16:14:06.238Z] [iam] checking project lets-pop-to-dev for permissions ["firebase.projects.get"]
[debug] [2021-01-12T16:14:06.240Z] >>> HTTP REQUEST POST https://cloudresourcemanager.googleapis.com/v1/projects/lets-pop-to-dev:testIamPermissions  
 {"permissions":["firebase.projects.get"]}
[debug] [2021-01-12T16:14:07.348Z] <<< HTTP RESPONSE 200 {"content-type":"application/json; charset=UTF-8","vary":"X-Origin, Referer, Origin,Accept-Encoding","date":"Tue, 12 Jan 2021 16:14:07 GMT","server":"ESF","cache-control":"private","x-xss-protection":"0","x-frame-options":"SAMEORIGIN","x-content-type-options":"nosniff","server-timing":"gfet4t7; dur=544","alt-svc":"h3-29=\":443\"; ma=2592000,h3-T051=\":443\"; ma=2592000,h3-Q050=\":443\"; ma=2592000,h3-Q046=\":443\"; ma=2592000,h3-Q043=\":443\"; ma=2592000,quic=\":443\"; ma=2592000; v=\"46,43\"","accept-ranges":"none","transfer-encoding":"chunked"}
[debug] [2021-01-12T16:14:07.352Z] >>> HTTP REQUEST GET https://firebase.googleapis.com/v1beta1/projects/lets-pop-to-dev  
 
[debug] [2021-01-12T16:14:07.705Z] <<< HTTP RESPONSE 200 {"content-type":"application/json; charset=UTF-8","vary":"X-Origin, Referer, Origin,Accept-Encoding","date":"Tue, 12 Jan 2021 16:14:07 GMT","server":"ESF","cache-control":"private","x-xss-protection":"0","x-frame-options":"SAMEORIGIN","x-content-type-options":"nosniff","alt-svc":"h3-29=\":443\"; ma=2592000,h3-T051=\":443\"; ma=2592000,h3-Q050=\":443\"; ma=2592000,h3-Q046=\":443\"; ma=2592000,h3-Q043=\":443\"; ma=2592000,quic=\":443\"; ma=2592000; v=\"46,43\"","accept-ranges":"none","transfer-encoding":"chunked"}
[info] 
[info] === Serving from '/home/tom/code/react/pop_to_removed_test/lets_pop_to'...
[info] 
[debug] [2021-01-12T16:14:07.711Z] >>> HTTP REQUEST GET https://firebase.googleapis.com/v1beta1/projects/lets-pop-to-dev/webApps/-/config  
 
[info] ✔  functions: Using node@12 from host. {"metadata":{"emulator":{"name":"functions"},"message":"Using node@12 from host."}}
[debug] [2021-01-12T16:14:09.026Z] <<< HTTP RESPONSE 200 {"content-type":"application/json; charset=UTF-8","vary":"X-Origin, Referer, Origin,Accept-Encoding","date":"Tue, 12 Jan 2021 16:14:08 GMT","server":"ESF","cache-control":"private","x-xss-protection":"0","x-frame-options":"SAMEORIGIN","x-content-type-options":"nosniff","alt-svc":"h3-29=\":443\"; ma=2592000,h3-T051=\":443\"; ma=2592000,h3-Q050=\":443\"; ma=2592000,h3-Q046=\":443\"; ma=2592000,h3-Q043=\":443\"; ma=2592000,quic=\":443\"; ma=2592000; v=\"46,43\"","accept-ranges":"none","transfer-encoding":"chunked"}
[info] i  functions: Watching "/home/tom/code/react/pop_to_removed_test/lets_pop_to/functions" for Cloud Functions... {"metadata":{"emulator":{"name":"functions"},"message":"Watching \"/home/tom/code/react/pop_to_removed_test/lets_pop_to/functions\" for Cloud Functions..."}}
[debug] [2021-01-12T16:14:09.074Z] [worker-pool] addWorker(~diagnostic~) {"metadata":{"emulator":{"name":"functions"},"message":"[worker-pool] addWorker(~diagnostic~)"}}
[debug] [2021-01-12T16:14:09.074Z] [worker-pool] Adding worker with key ~diagnostic~, total=1 {"metadata":{"emulator":{"name":"functions"},"message":"[worker-pool] Adding worker with key ~diagnostic~, total=1"}}
[debug] [2021-01-12T16:14:09.074Z] [worker-pool] submitWork(triggerId=) {"metadata":{"emulator":{"name":"functions"},"message":"[worker-pool] submitWork(triggerId=)"}}
[debug] [2021-01-12T16:14:09.075Z] [worker-~diagnostic~-7abb4736-0968-4d97-83d7-b8833e7b0479]: Assigning socketPath: /tmp/fire_emu_16107.sock {"metadata":{"emulator":{"name":"functions"},"message":"[worker-~diagnostic~-7abb4736-0968-4d97-83d7-b8833e7b0479]: Assigning socketPath: /tmp/fire_emu_16107.sock"}}
[debug] [2021-01-12T16:14:09.075Z] [worker-~diagnostic~-7abb4736-0968-4d97-83d7-b8833e7b0479]: BUSY {"metadata":{"emulator":{"name":"functions"},"message":"[worker-~diagnostic~-7abb4736-0968-4d97-83d7-b8833e7b0479]: BUSY"}}
[info] i  hosting: Serving hosting files from: public {"metadata":{"emulator":{"name":"hosting"},"message":"Serving hosting files from: \u001b[1mpublic\u001b[22m"}}
[info] ✔  hosting: Local server: http://localhost:5000 {"metadata":{"emulator":{"name":"hosting"},"message":"Local server: \u001b[4m\u001b[1mhttp://localhost:5000\u001b[22m\u001b[24m"}}
[debug] [2021-01-12T16:14:09.290Z] [runtime-status] [16107] Functions runtime initialized. {"cwd":"/home/tom/code/react/pop_to_removed_test/lets_pop_to/functions","node_version":"12.18.3"} {"metadata":{"emulator":{"name":"functions"},"message":"[runtime-status] [16107] Functions runtime initialized. {\"cwd\":\"/home/tom/code/react/pop_to_removed_test/lets_pop_to/functions\",\"node_version\":\"12.18.3\"}"}}
[debug] [2021-01-12T16:14:09.291Z] [runtime-status] [16107] Disabled runtime features: undefined {"metadata":{"emulator":{"name":"functions"},"message":"[runtime-status] [16107] Disabled runtime features: undefined"}}
[debug] [2021-01-12T16:14:09.293Z] [runtime-status] [16107] Resolved module firebase-admin {"declared":true,"installed":true,"version":"8.13.0","resolution":"/home/tom/code/react/pop_to_removed_test/lets_pop_to/functions/node_modules/firebase-admin/lib/index.js"} {"metadata":{"emulator":{"name":"functions"},"message":"[runtime-status] [16107] Resolved module firebase-admin {\"declared\":true,\"installed\":true,\"version\":\"8.13.0\",\"resolution\":\"/home/tom/code/react/pop_to_removed_test/lets_pop_to/functions/node_modules/firebase-admin/lib/index.js\"}"}}
[debug] [2021-01-12T16:14:09.296Z] [runtime-status] [16107] Resolved module firebase-functions {"declared":true,"installed":true,"version":"3.13.0","resolution":"/home/tom/code/react/pop_to_removed_test/lets_pop_to/functions/node_modules/firebase-functions/lib/index.js"} {"metadata":{"emulator":{"name":"functions"},"message":"[runtime-status] [16107] Resolved module firebase-functions {\"declared\":true,\"installed\":true,\"version\":\"3.13.0\",\"resolution\":\"/home/tom/code/react/pop_to_removed_test/lets_pop_to/functions/node_modules/firebase-functions/lib/index.js\"}"}}
[debug] [2021-01-12T16:14:09.296Z] [runtime-status] [16107] Found local functions config: /home/tom/code/react/pop_to_removed_test/lets_pop_to/functions/.runtimeconfig.json {"metadata":{"emulator":{"name":"functions"},"message":"[runtime-status] [16107] Found local functions config: /home/tom/code/react/pop_to_removed_test/lets_pop_to/functions/.runtimeconfig.json"}}
[debug] [2021-01-12T16:14:09.297Z] [runtime-status] [16107] Resolved module firebase-functions {"declared":true,"installed":true,"version":"3.13.0","resolution":"/home/tom/code/react/pop_to_removed_test/lets_pop_to/functions/node_modules/firebase-functions/lib/index.js"} {"metadata":{"emulator":{"name":"functions"},"message":"[runtime-status] [16107] Resolved module firebase-functions {\"declared\":true,\"installed\":true,\"version\":\"3.13.0\",\"resolution\":\"/home/tom/code/react/pop_to_removed_test/lets_pop_to/functions/node_modules/firebase-functions/lib/index.js\"}"}}
[debug] [2021-01-12T16:14:09.299Z] [runtime-status] [16107] Outgoing network have been stubbed. [{"name":"http","status":"mocked"},{"name":"http","status":"mocked"},{"name":"https","status":"mocked"},{"name":"https","status":"mocked"},{"name":"net","status":"mocked"}] {"metadata":{"emulator":{"name":"functions"},"message":"[runtime-status] [16107] Outgoing network have been stubbed. [{\"name\":\"http\",\"status\":\"mocked\"},{\"name\":\"http\",\"status\":\"mocked\"},{\"name\":\"https\",\"status\":\"mocked\"},{\"name\":\"https\",\"status\":\"mocked\"},{\"name\":\"net\",\"status\":\"mocked\"}]"}}
[debug] [2021-01-12T16:14:09.299Z] [runtime-status] [16107] Resolved module firebase-functions {"declared":true,"installed":true,"version":"3.13.0","resolution":"/home/tom/code/react/pop_to_removed_test/lets_pop_to/functions/node_modules/firebase-functions/lib/index.js"} {"metadata":{"emulator":{"name":"functions"},"message":"[runtime-status] [16107] Resolved module firebase-functions {\"declared\":true,\"installed\":true,\"version\":\"3.13.0\",\"resolution\":\"/home/tom/code/react/pop_to_removed_test/lets_pop_to/functions/node_modules/firebase-functions/lib/index.js\"}"}}
[debug] [2021-01-12T16:14:09.324Z] [runtime-status] [16107] Checked functions.config() {"config":{"skyscanner":{"key":"f443ce65a7msh00d61f72f80e915p18ed48jsn7886f6e62eeb","host":"skyscanner-skyscanner-flight-search-v1.p.rapidapi.com"},"googlephotos":{"key":"AIzaSyDby1oAXdjYbbws32s21cK5MUIJPB-wYHo"}}} {"metadata":{"emulator":{"name":"functions"},"message":"[runtime-status] [16107] Checked functions.config() {\"config\":{\"skyscanner\":{\"key\":\"f443ce65a7msh00d61f72f80e915p18ed48jsn7886f6e62eeb\",\"host\":\"skyscanner-skyscanner-flight-search-v1.p.rapidapi.com\"},\"googlephotos\":{\"key\":\"AIzaSyDby1oAXdjYbbws32s21cK5MUIJPB-wYHo\"}}}"}}
[debug] [2021-01-12T16:14:09.324Z] [runtime-status] [16107] firebase-functions has been stubbed. {"functionsResolution":{"declared":true,"installed":true,"version":"3.13.0","resolution":"/home/tom/code/react/pop_to_removed_test/lets_pop_to/functions/node_modules/firebase-functions/lib/index.js"}} {"metadata":{"emulator":{"name":"functions"},"message":"[runtime-status] [16107] firebase-functions has been stubbed. {\"functionsResolution\":{\"declared\":true,\"installed\":true,\"version\":\"3.13.0\",\"resolution\":\"/home/tom/code/react/pop_to_removed_test/lets_pop_to/functions/node_modules/firebase-functions/lib/index.js\"}}"}}
[debug] [2021-01-12T16:14:09.324Z] [runtime-status] [16107] Resolved module firebase-functions {"declared":true,"installed":true,"version":"3.13.0","resolution":"/home/tom/code/react/pop_to_removed_test/lets_pop_to/functions/node_modules/firebase-functions/lib/index.js"} {"metadata":{"emulator":{"name":"functions"},"message":"[runtime-status] [16107] Resolved module firebase-functions {\"declared\":true,\"installed\":true,\"version\":\"3.13.0\",\"resolution\":\"/home/tom/code/react/pop_to_removed_test/lets_pop_to/functions/node_modules/firebase-functions/lib/index.js\"}"}}
[debug] [2021-01-12T16:14:09.325Z] [runtime-status] [16107] Resolved module firebase-admin {"declared":true,"installed":true,"version":"8.13.0","resolution":"/home/tom/code/react/pop_to_removed_test/lets_pop_to/functions/node_modules/firebase-admin/lib/index.js"} {"metadata":{"emulator":{"name":"functions"},"message":"[runtime-status] [16107] Resolved module firebase-admin {\"declared\":true,\"installed\":true,\"version\":\"8.13.0\",\"resolution\":\"/home/tom/code/react/pop_to_removed_test/lets_pop_to/functions/node_modules/firebase-admin/lib/index.js\"}"}}
[debug] [2021-01-12T16:14:09.325Z] [runtime-status] [16107] Resolved module firebase-functions {"declared":true,"installed":true,"version":"3.13.0","resolution":"/home/tom/code/react/pop_to_removed_test/lets_pop_to/functions/node_modules/firebase-functions/lib/index.js"} {"metadata":{"emulator":{"name":"functions"},"message":"[runtime-status] [16107] Resolved module firebase-functions {\"declared\":true,\"installed\":true,\"version\":\"3.13.0\",\"resolution\":\"/home/tom/code/react/pop_to_removed_test/lets_pop_to/functions/node_modules/firebase-functions/lib/index.js\"}"}}
[debug] [2021-01-12T16:14:09.326Z] [runtime-status] [16107] firebase-admin has been stubbed. {"adminResolution":{"declared":true,"installed":true,"version":"8.13.0","resolution":"/home/tom/code/react/pop_to_removed_test/lets_pop_to/functions/node_modules/firebase-admin/lib/index.js"}} {"metadata":{"emulator":{"name":"functions"},"message":"[runtime-status] [16107] firebase-admin has been stubbed. {\"adminResolution\":{\"declared\":true,\"installed\":true,\"version\":\"8.13.0\",\"resolution\":\"/home/tom/code/react/pop_to_removed_test/lets_pop_to/functions/node_modules/firebase-admin/lib/index.js\"}}"}}
[info] ✔  functions[fetchFlightsCacheQuotes]: http function initialized (http://localhost:5001/lets-pop-to-dev/europe-west1/fetchFlightsCacheQuotes). {"metadata":{"emulator":{"name":"functions"},"message":"\u001b[1mhttp\u001b[22m function initialized (http://localhost:5001/lets-pop-to-dev/europe-west1/fetchFlightsCacheQuotes)."}}
[info] ✔  functions[getAutoCompleteSuggestions]: http function initialized (http://localhost:5001/lets-pop-to-dev/europe-west1/getAutoCompleteSuggestions). {"metadata":{"emulator":{"name":"functions"},"message":"\u001b[1mhttp\u001b[22m function initialized (http://localhost:5001/lets-pop-to-dev/europe-west1/getAutoCompleteSuggestions)."}}
[info] ✔  functions[fetchInspireQuotes]: http function initialized (http://localhost:5001/lets-pop-to-dev/europe-west1/fetchInspireQuotes). {"metadata":{"emulator":{"name":"functions"},"message":"\u001b[1mhttp\u001b[22m function initialized (http://localhost:5001/lets-pop-to-dev/europe-west1/fetchInspireQuotes)."}}
[info] ✔  functions[fetchInspireDestinations]: http function initialized (http://localhost:5001/lets-pop-to-dev/europe-west1/fetchInspireDestinations). {"metadata":{"emulator":{"name":"functions"},"message":"\u001b[1mhttp\u001b[22m function initialized (http://localhost:5001/lets-pop-to-dev/europe-west1/fetchInspireDestinations)."}}
[info] ✔  functions[fetchPlacePhoto]: http function initialized (http://localhost:5001/lets-pop-to-dev/europe-west1/fetchPlacePhoto). {"metadata":{"emulator":{"name":"functions"},"message":"\u001b[1mhttp\u001b[22m function initialized (http://localhost:5001/lets-pop-to-dev/europe-west1/fetchPlacePhoto)."}}
[debug] [2021-01-12T16:14:09.448Z] [worker-~diagnostic~-7abb4736-0968-4d97-83d7-b8833e7b0479]: IDLE {"metadata":{"emulator":{"name":"functions"},"message":"[worker-~diagnostic~-7abb4736-0968-4d97-83d7-b8833e7b0479]: IDLE"}}
[debug] [2021-01-12T16:14:11.722Z] [work-queue] {"queueLength":1,"workRunningCount":0}
[debug] [2021-01-12T16:14:11.724Z] [work-queue] {"queueLength":0,"workRunningCount":1}
[debug] [2021-01-12T16:14:11.725Z] Accepted request GET /lets-pop-to-dev/europe-west1/fetchPlacePhoto?cityName=Riga --> fetchPlacePhoto
[debug] [2021-01-12T16:14:11.745Z] [worker-pool] addWorker(fetchPlacePhoto) {"metadata":{"emulator":{"name":"functions"},"message":"[worker-pool] addWorker(fetchPlacePhoto)"}}
[debug] [2021-01-12T16:14:11.746Z] [worker-pool] Adding worker with key fetchPlacePhoto, total=1 {"metadata":{"emulator":{"name":"functions"},"message":"[worker-pool] Adding worker with key fetchPlacePhoto, total=1"}}
[debug] [2021-01-12T16:14:11.746Z] [worker-pool] submitWork(triggerId=fetchPlacePhoto) {"metadata":{"emulator":{"name":"functions"},"message":"[worker-pool] submitWork(triggerId=fetchPlacePhoto)"}}
[debug] [2021-01-12T16:14:11.747Z] [worker-fetchPlacePhoto-2e8158ff-06c9-4570-bafc-f1df34be05eb]: Assigning socketPath: /tmp/fire_emu_16114.sock {"metadata":{"emulator":{"name":"functions"},"message":"[worker-fetchPlacePhoto-2e8158ff-06c9-4570-bafc-f1df34be05eb]: Assigning socketPath: /tmp/fire_emu_16114.sock"}}
[debug] [2021-01-12T16:14:11.747Z] [worker-fetchPlacePhoto-2e8158ff-06c9-4570-bafc-f1df34be05eb]: BUSY {"metadata":{"emulator":{"name":"functions"},"message":"[worker-fetchPlacePhoto-2e8158ff-06c9-4570-bafc-f1df34be05eb]: BUSY"}}
[debug] [2021-01-12T16:14:11.997Z] [runtime-status] [16114] Functions runtime initialized. {"cwd":"/home/tom/code/react/pop_to_removed_test/lets_pop_to/functions","node_version":"12.18.3"} {"metadata":{"emulator":{"name":"functions"},"function":{"name":"fetchPlacePhoto"},"message":"[runtime-status] [16114] Functions runtime initialized. {\"cwd\":\"/home/tom/code/react/pop_to_removed_test/lets_pop_to/functions\",\"node_version\":\"12.18.3\"}"}}
[debug] [2021-01-12T16:14:11.999Z] [runtime-status] [16114] Disabled runtime features: undefined {"metadata":{"emulator":{"name":"functions"},"function":{"name":"fetchPlacePhoto"},"message":"[runtime-status] [16114] Disabled runtime features: undefined"}}
[debug] [2021-01-12T16:14:12.001Z] [runtime-status] [16114] Resolved module firebase-admin {"declared":true,"installed":true,"version":"8.13.0","resolution":"/home/tom/code/react/pop_to_removed_test/lets_pop_to/functions/node_modules/firebase-admin/lib/index.js"} {"metadata":{"emulator":{"name":"functions"},"function":{"name":"fetchPlacePhoto"},"message":"[runtime-status] [16114] Resolved module firebase-admin {\"declared\":true,\"installed\":true,\"version\":\"8.13.0\",\"resolution\":\"/home/tom/code/react/pop_to_removed_test/lets_pop_to/functions/node_modules/firebase-admin/lib/index.js\"}"}}
[debug] [2021-01-12T16:14:12.002Z] [runtime-status] [16114] Resolved module firebase-functions {"declared":true,"installed":true,"version":"3.13.0","resolution":"/home/tom/code/react/pop_to_removed_test/lets_pop_to/functions/node_modules/firebase-functions/lib/index.js"} {"metadata":{"emulator":{"name":"functions"},"function":{"name":"fetchPlacePhoto"},"message":"[runtime-status] [16114] Resolved module firebase-functions {\"declared\":true,\"installed\":true,\"version\":\"3.13.0\",\"resolution\":\"/home/tom/code/react/pop_to_removed_test/lets_pop_to/functions/node_modules/firebase-functions/lib/index.js\"}"}}
[debug] [2021-01-12T16:14:12.003Z] [runtime-status] [16114] Found local functions config: /home/tom/code/react/pop_to_removed_test/lets_pop_to/functions/.runtimeconfig.json {"metadata":{"emulator":{"name":"functions"},"function":{"name":"fetchPlacePhoto"},"message":"[runtime-status] [16114] Found local functions config: /home/tom/code/react/pop_to_removed_test/lets_pop_to/functions/.runtimeconfig.json"}}
[debug] [2021-01-12T16:14:12.005Z] [runtime-status] [16114] Resolved module firebase-functions {"declared":true,"installed":true,"version":"3.13.0","resolution":"/home/tom/code/react/pop_to_removed_test/lets_pop_to/functions/node_modules/firebase-functions/lib/index.js"} {"metadata":{"emulator":{"name":"functions"},"function":{"name":"fetchPlacePhoto"},"message":"[runtime-status] [16114] Resolved module firebase-functions {\"declared\":true,\"installed\":true,\"version\":\"3.13.0\",\"resolution\":\"/home/tom/code/react/pop_to_removed_test/lets_pop_to/functions/node_modules/firebase-functions/lib/index.js\"}"}}
[debug] [2021-01-12T16:14:12.007Z] [runtime-status] [16114] Outgoing network have been stubbed. [{"name":"http","status":"mocked"},{"name":"http","status":"mocked"},{"name":"https","status":"mocked"},{"name":"https","status":"mocked"},{"name":"net","status":"mocked"}] {"metadata":{"emulator":{"name":"functions"},"function":{"name":"fetchPlacePhoto"},"message":"[runtime-status] [16114] Outgoing network have been stubbed. [{\"name\":\"http\",\"status\":\"mocked\"},{\"name\":\"http\",\"status\":\"mocked\"},{\"name\":\"https\",\"status\":\"mocked\"},{\"name\":\"https\",\"status\":\"mocked\"},{\"name\":\"net\",\"status\":\"mocked\"}]"}}
[debug] [2021-01-12T16:14:12.008Z] [runtime-status] [16114] Resolved module firebase-functions {"declared":true,"installed":true,"version":"3.13.0","resolution":"/home/tom/code/react/pop_to_removed_test/lets_pop_to/functions/node_modules/firebase-functions/lib/index.js"} {"metadata":{"emulator":{"name":"functions"},"function":{"name":"fetchPlacePhoto"},"message":"[runtime-status] [16114] Resolved module firebase-functions {\"declared\":true,\"installed\":true,\"version\":\"3.13.0\",\"resolution\":\"/home/tom/code/react/pop_to_removed_test/lets_pop_to/functions/node_modules/firebase-functions/lib/index.js\"}"}}
[debug] [2021-01-12T16:14:12.037Z] [runtime-status] [16114] Checked functions.config() {"config":{"skyscanner":{"key":"f443ce65a7msh00d61f72f80e915p18ed48jsn7886f6e62eeb","host":"skyscanner-skyscanner-flight-search-v1.p.rapidapi.com"},"googlephotos":{"key":"AIzaSyDby1oAXdjYbbws32s21cK5MUIJPB-wYHo"}}} {"metadata":{"emulator":{"name":"functions"},"function":{"name":"fetchPlacePhoto"},"message":"[runtime-status] [16114] Checked functions.config() {\"config\":{\"skyscanner\":{\"key\":\"f443ce65a7msh00d61f72f80e915p18ed48jsn7886f6e62eeb\",\"host\":\"skyscanner-skyscanner-flight-search-v1.p.rapidapi.com\"},\"googlephotos\":{\"key\":\"AIzaSyDby1oAXdjYbbws32s21cK5MUIJPB-wYHo\"}}}"}}
[debug] [2021-01-12T16:14:12.038Z] [runtime-status] [16114] firebase-functions has been stubbed. {"functionsResolution":{"declared":true,"installed":true,"version":"3.13.0","resolution":"/home/tom/code/react/pop_to_removed_test/lets_pop_to/functions/node_modules/firebase-functions/lib/index.js"}} {"metadata":{"emulator":{"name":"functions"},"function":{"name":"fetchPlacePhoto"},"message":"[runtime-status] [16114] firebase-functions has been stubbed. {\"functionsResolution\":{\"declared\":true,\"installed\":true,\"version\":\"3.13.0\",\"resolution\":\"/home/tom/code/react/pop_to_removed_test/lets_pop_to/functions/node_modules/firebase-functions/lib/index.js\"}}"}}
[debug] [2021-01-12T16:14:12.038Z] [runtime-status] [16114] Resolved module firebase-functions {"declared":true,"installed":true,"version":"3.13.0","resolution":"/home/tom/code/react/pop_to_removed_test/lets_pop_to/functions/node_modules/firebase-functions/lib/index.js"} {"metadata":{"emulator":{"name":"functions"},"function":{"name":"fetchPlacePhoto"},"message":"[runtime-status] [16114] Resolved module firebase-functions {\"declared\":true,\"installed\":true,\"version\":\"3.13.0\",\"resolution\":\"/home/tom/code/react/pop_to_removed_test/lets_pop_to/functions/node_modules/firebase-functions/lib/index.js\"}"}}
[debug] [2021-01-12T16:14:12.039Z] [runtime-status] [16114] Resolved module firebase-admin {"declared":true,"installed":true,"version":"8.13.0","resolution":"/home/tom/code/react/pop_to_removed_test/lets_pop_to/functions/node_modules/firebase-admin/lib/index.js"} {"metadata":{"emulator":{"name":"functions"},"function":{"name":"fetchPlacePhoto"},"message":"[runtime-status] [16114] Resolved module firebase-admin {\"declared\":true,\"installed\":true,\"version\":\"8.13.0\",\"resolution\":\"/home/tom/code/react/pop_to_removed_test/lets_pop_to/functions/node_modules/firebase-admin/lib/index.js\"}"}}
[debug] [2021-01-12T16:14:12.039Z] [runtime-status] [16114] Resolved module firebase-functions {"declared":true,"installed":true,"version":"3.13.0","resolution":"/home/tom/code/react/pop_to_removed_test/lets_pop_to/functions/node_modules/firebase-functions/lib/index.js"} {"metadata":{"emulator":{"name":"functions"},"function":{"name":"fetchPlacePhoto"},"message":"[runtime-status] [16114] Resolved module firebase-functions {\"declared\":true,\"installed\":true,\"version\":\"3.13.0\",\"resolution\":\"/home/tom/code/react/pop_to_removed_test/lets_pop_to/functions/node_modules/firebase-functions/lib/index.js\"}"}}
[debug] [2021-01-12T16:14:12.039Z] [runtime-status] [16114] firebase-admin has been stubbed. {"adminResolution":{"declared":true,"installed":true,"version":"8.13.0","resolution":"/home/tom/code/react/pop_to_removed_test/lets_pop_to/functions/node_modules/firebase-admin/lib/index.js"}} {"metadata":{"emulator":{"name":"functions"},"function":{"name":"fetchPlacePhoto"},"message":"[runtime-status] [16114] firebase-admin has been stubbed. {\"adminResolution\":{\"declared\":true,\"installed\":true,\"version\":\"8.13.0\",\"resolution\":\"/home/tom/code/react/pop_to_removed_test/lets_pop_to/functions/node_modules/firebase-admin/lib/index.js\"}}"}}
[debug] [2021-01-12T16:14:12.170Z] [runtime-status] [16114] Trigger "fetchPlacePhoto" has been found, beginning invocation! {"metadata":{"emulator":{"name":"functions"},"function":{"name":"fetchPlacePhoto"},"message":"[runtime-status] [16114] Trigger \"fetchPlacePhoto\" has been found, beginning invocation!"}}
[info] i  functions: Beginning execution of "fetchPlacePhoto" {"metadata":{"emulator":{"name":"functions"},"function":{"name":"fetchPlacePhoto"},"message":"Beginning execution of \"fetchPlacePhoto\""}}
[debug] [2021-01-12T16:14:12.171Z] [runtime-status] [16114] triggerDefinition {"regions":["europe-west1"],"httpsTrigger":{},"name":"fetchPlacePhoto","entryPoint":"fetchPlacePhoto"} {"metadata":{"emulator":{"name":"functions"},"function":{"name":"fetchPlacePhoto"},"message":"[runtime-status] [16114] triggerDefinition {\"regions\":[\"europe-west1\"],\"httpsTrigger\":{},\"name\":\"fetchPlacePhoto\",\"entryPoint\":\"fetchPlacePhoto\"}"}}
[debug] [2021-01-12T16:14:12.171Z] [runtime-status] [16114] Running fetchPlacePhoto in mode HTTPS {"metadata":{"emulator":{"name":"functions"},"function":{"name":"fetchPlacePhoto"},"message":"[runtime-status] [16114] Running fetchPlacePhoto in mode HTTPS"}}
[debug] [2021-01-12T16:14:12.174Z] [runtime-status] [16114] Attempting to listen to socketPath: /tmp/fire_emu_16114.sock {"metadata":{"emulator":{"name":"functions"},"function":{"name":"fetchPlacePhoto"},"message":"[runtime-status] [16114] Attempting to listen to socketPath: /tmp/fire_emu_16114.sock"}}
[debug] [2021-01-12T16:14:12.178Z] [functions] Runtime ready! Sending request! {"metadata":{"emulator":{"name":"functions"},"message":"[functions] Runtime ready! Sending request!"}}
[debug] [2021-01-12T16:14:12.185Z] [runtime-status] [16114] Ephemeral server handling GET request {"metadata":{"emulator":{"name":"functions"},"function":{"name":"fetchPlacePhoto"},"message":"[runtime-status] [16114] Ephemeral server handling GET request"}}
[info] >  {"cityName":"Riga","severity":"INFO","message":"Received fetch photo request"} {"user":{"cityName":"Riga","severity":"INFO","message":"Received fetch photo request"},"metadata":{"emulator":{"name":"functions"},"function":{"name":"fetchPlacePhoto"},"message":"\u001b[90m> \u001b[39m {\"cityName\":\"Riga\",\"severity\":\"INFO\",\"message\":\"Received fetch photo request\"}"}}
[debug] [2021-01-12T16:14:12.203Z] [runtime-status] [16114] Ephemeral server survived. {"metadata":{"emulator":{"name":"functions"},"function":{"name":"fetchPlacePhoto"},"message":"[runtime-status] [16114] Ephemeral server survived."}}
[info] i  functions: Finished "fetchPlacePhoto" in ~1s {"metadata":{"emulator":{"name":"functions"},"function":{"name":"fetchPlacePhoto"},"message":"Finished \"fetchPlacePhoto\" in ~1s"}}
[debug] [2021-01-12T16:14:12.848Z] [worker-fetchPlacePhoto-2e8158ff-06c9-4570-bafc-f1df34be05eb]: IDLE {"metadata":{"emulator":{"name":"functions"},"message":"[worker-fetchPlacePhoto-2e8158ff-06c9-4570-bafc-f1df34be05eb]: IDLE"}}
[debug] [2021-01-12T16:14:12.848Z] [work-queue] {"queueLength":0,"workRunningCount":0}
[debug] [2021-01-12T16:14:19.961Z] [work-queue] {"queueLength":1,"workRunningCount":0}
[debug] [2021-01-12T16:14:19.961Z] [work-queue] {"queueLength":0,"workRunningCount":1}
[debug] [2021-01-12T16:14:19.961Z] Accepted request GET /lets-pop-to-dev/europe-west1/fetchPlacePhoto?cityName=Riga --> fetchPlacePhoto
[debug] [2021-01-12T16:14:19.961Z] [worker-pool] submitWork(triggerId=fetchPlacePhoto) {"metadata":{"emulator":{"name":"functions"},"message":"[worker-pool] submitWork(triggerId=fetchPlacePhoto)"}}
[debug] [2021-01-12T16:14:19.962Z] [worker-fetchPlacePhoto-2e8158ff-06c9-4570-bafc-f1df34be05eb]: Assigning socketPath: /tmp/fire_emu_16114.sock {"metadata":{"emulator":{"name":"functions"},"message":"[worker-fetchPlacePhoto-2e8158ff-06c9-4570-bafc-f1df34be05eb]: Assigning socketPath: /tmp/fire_emu_16114.sock"}}
[debug] [2021-01-12T16:14:19.962Z] [worker-fetchPlacePhoto-2e8158ff-06c9-4570-bafc-f1df34be05eb]: BUSY {"metadata":{"emulator":{"name":"functions"},"message":"[worker-fetchPlacePhoto-2e8158ff-06c9-4570-bafc-f1df34be05eb]: BUSY"}}
[debug] [2021-01-12T16:14:19.963Z] [runtime-status] [16114] Trigger "fetchPlacePhoto" has been found, beginning invocation! {"metadata":{"emulator":{"name":"functions"},"function":{"name":"fetchPlacePhoto"},"message":"[runtime-status] [16114] Trigger \"fetchPlacePhoto\" has been found, beginning invocation!"}}
[info] i  functions: Beginning execution of "fetchPlacePhoto" {"metadata":{"emulator":{"name":"functions"},"function":{"name":"fetchPlacePhoto"},"message":"Beginning execution of \"fetchPlacePhoto\""}}
[debug] [2021-01-12T16:14:19.964Z] [runtime-status] [16114] triggerDefinition {"regions":["europe-west1"],"httpsTrigger":{},"name":"fetchPlacePhoto","entryPoint":"fetchPlacePhoto"} {"metadata":{"emulator":{"name":"functions"},"function":{"name":"fetchPlacePhoto"},"message":"[runtime-status] [16114] triggerDefinition {\"regions\":[\"europe-west1\"],\"httpsTrigger\":{},\"name\":\"fetchPlacePhoto\",\"entryPoint\":\"fetchPlacePhoto\"}"}}
[debug] [2021-01-12T16:14:19.965Z] [runtime-status] [16114] Running fetchPlacePhoto in mode HTTPS {"metadata":{"emulator":{"name":"functions"},"function":{"name":"fetchPlacePhoto"},"message":"[runtime-status] [16114] Running fetchPlacePhoto in mode HTTPS"}}
[debug] [2021-01-12T16:14:19.965Z] [runtime-status] [16114] Attempting to listen to socketPath: /tmp/fire_emu_16114.sock {"metadata":{"emulator":{"name":"functions"},"function":{"name":"fetchPlacePhoto"},"message":"[runtime-status] [16114] Attempting to listen to socketPath: /tmp/fire_emu_16114.sock"}}
[debug] [2021-01-12T16:14:19.967Z] [functions] Runtime ready! Sending request! {"metadata":{"emulator":{"name":"functions"},"message":"[functions] Runtime ready! Sending request!"}}
[debug] [2021-01-12T16:14:19.971Z] [runtime-status] [16114] Ephemeral server handling GET request {"metadata":{"emulator":{"name":"functions"},"function":{"name":"fetchPlacePhoto"},"message":"[runtime-status] [16114] Ephemeral server handling GET request"}}
[info] >  {"cityName":"Riga","severity":"INFO","message":"Received fetch photo request"} {"user":{"cityName":"Riga","severity":"INFO","message":"Received fetch photo request"},"metadata":{"emulator":{"name":"functions"},"function":{"name":"fetchPlacePhoto"},"message":"\u001b[90m> \u001b[39m {\"cityName\":\"Riga\",\"severity\":\"INFO\",\"message\":\"Received fetch photo request\"}"}}
[debug] [2021-01-12T16:14:19.973Z] [runtime-status] [16114] Ephemeral server survived. {"metadata":{"emulator":{"name":"functions"},"function":{"name":"fetchPlacePhoto"},"message":"[runtime-status] [16114] Ephemeral server survived."}}
[info] i  functions: Finished "fetchPlacePhoto" in ~1s {"metadata":{"emulator":{"name":"functions"},"function":{"name":"fetchPlacePhoto"},"message":"Finished \"fetchPlacePhoto\" in ~1s"}}
[debug] [2021-01-12T16:14:20.577Z] [worker-fetchPlacePhoto-2e8158ff-06c9-4570-bafc-f1df34be05eb]: IDLE {"metadata":{"emulator":{"name":"functions"},"message":"[worker-fetchPlacePhoto-2e8158ff-06c9-4570-bafc-f1df34be05eb]: IDLE"}}
[debug] [2021-01-12T16:14:20.577Z] [work-queue] {"queueLength":0,"workRunningCount":0}
[debug] [2021-01-12T16:14:25.182Z] [work-queue] {"queueLength":1,"workRunningCount":0}
[debug] [2021-01-12T16:14:25.183Z] [work-queue] {"queueLength":0,"workRunningCount":1}
[debug] [2021-01-12T16:14:25.183Z] Accepted request GET /lets-pop-to-dev/europe-west1/fetchPlacePhoto?cityName=Riga --> fetchPlacePhoto
[debug] [2021-01-12T16:14:25.184Z] [worker-pool] submitWork(triggerId=fetchPlacePhoto) {"metadata":{"emulator":{"name":"functions"},"message":"[worker-pool] submitWork(triggerId=fetchPlacePhoto)"}}
[debug] [2021-01-12T16:14:25.184Z] [worker-fetchPlacePhoto-2e8158ff-06c9-4570-bafc-f1df34be05eb]: Assigning socketPath: /tmp/fire_emu_16114.sock {"metadata":{"emulator":{"name":"functions"},"message":"[worker-fetchPlacePhoto-2e8158ff-06c9-4570-bafc-f1df34be05eb]: Assigning socketPath: /tmp/fire_emu_16114.sock"}}
[debug] [2021-01-12T16:14:25.185Z] [worker-fetchPlacePhoto-2e8158ff-06c9-4570-bafc-f1df34be05eb]: BUSY {"metadata":{"emulator":{"name":"functions"},"message":"[worker-fetchPlacePhoto-2e8158ff-06c9-4570-bafc-f1df34be05eb]: BUSY"}}
[debug] [2021-01-12T16:14:25.187Z] [runtime-status] [16114] Trigger "fetchPlacePhoto" has been found, beginning invocation! {"metadata":{"emulator":{"name":"functions"},"function":{"name":"fetchPlacePhoto"},"message":"[runtime-status] [16114] Trigger \"fetchPlacePhoto\" has been found, beginning invocation!"}}
[info] i  functions: Beginning execution of "fetchPlacePhoto" {"metadata":{"emulator":{"name":"functions"},"function":{"name":"fetchPlacePhoto"},"message":"Beginning execution of \"fetchPlacePhoto\""}}
[debug] [2021-01-12T16:14:25.189Z] [runtime-status] [16114] triggerDefinition {"regions":["europe-west1"],"httpsTrigger":{},"name":"fetchPlacePhoto","entryPoint":"fetchPlacePhoto"} {"metadata":{"emulator":{"name":"functions"},"function":{"name":"fetchPlacePhoto"},"message":"[runtime-status] [16114] triggerDefinition {\"regions\":[\"europe-west1\"],\"httpsTrigger\":{},\"name\":\"fetchPlacePhoto\",\"entryPoint\":\"fetchPlacePhoto\"}"}}
[debug] [2021-01-12T16:14:25.189Z] [runtime-status] [16114] Running fetchPlacePhoto in mode HTTPS {"metadata":{"emulator":{"name":"functions"},"function":{"name":"fetchPlacePhoto"},"message":"[runtime-status] [16114] Running fetchPlacePhoto in mode HTTPS"}}
[debug] [2021-01-12T16:14:25.190Z] [runtime-status] [16114] Attempting to listen to socketPath: /tmp/fire_emu_16114.sock {"metadata":{"emulator":{"name":"functions"},"function":{"name":"fetchPlacePhoto"},"message":"[runtime-status] [16114] Attempting to listen to socketPath: /tmp/fire_emu_16114.sock"}}
[debug] [2021-01-12T16:14:25.193Z] [functions] Runtime ready! Sending request! {"metadata":{"emulator":{"name":"functions"},"message":"[functions] Runtime ready! Sending request!"}}
[debug] [2021-01-12T16:14:25.204Z] [runtime-status] [16114] Ephemeral server handling GET request {"metadata":{"emulator":{"name":"functions"},"function":{"name":"fetchPlacePhoto"},"message":"[runtime-status] [16114] Ephemeral server handling GET request"}}
[info] >  {"cityName":"Riga","severity":"INFO","message":"Received fetch photo request"} {"user":{"cityName":"Riga","severity":"INFO","message":"Received fetch photo request"},"metadata":{"emulator":{"name":"functions"},"function":{"name":"fetchPlacePhoto"},"message":"\u001b[90m> \u001b[39m {\"cityName\":\"Riga\",\"severity\":\"INFO\",\"message\":\"Received fetch photo request\"}"}}
[debug] [2021-01-12T16:14:25.208Z] [runtime-status] [16114] Ephemeral server survived. {"metadata":{"emulator":{"name":"functions"},"function":{"name":"fetchPlacePhoto"},"message":"[runtime-status] [16114] Ephemeral server survived."}}
[info] >  fetch photo request {"user":"fetch photo request","metadata":{"emulator":{"name":"functions"},"function":{"name":"fetchPlacePhoto"},"message":"\u001b[90m> \u001b[39m fetch photo request"}}
[warn] ⚠  External network resource requested!
   - URL: "https://lh3.googleusercontent.com/p/AF1QipMwLO0SHKXISVWmUFZUDEMZgPX_fPUX9n8ZMHua=s1600-h400"
 - Be careful, this may be a production service. {"metadata":{"emulator":{"name":"functions"},"function":{"name":"fetchPlacePhoto"},"message":"External network resource requested!\n   - URL: \"https://lh3.googleusercontent.com/p/AF1QipMwLO0SHKXISVWmUFZUDEMZgPX_fPUX9n8ZMHua=s1600-h400\"\n - Be careful, this may be a production service."}}
[info] i  functions: Finished "fetchPlacePhoto" in ~1s {"metadata":{"emulator":{"name":"functions"},"function":{"name":"fetchPlacePhoto"},"message":"Finished \"fetchPlacePhoto\" in ~1s"}}
[debug] [2021-01-12T16:14:26.928Z] [worker-fetchPlacePhoto-2e8158ff-06c9-4570-bafc-f1df34be05eb]: IDLE {"metadata":{"emulator":{"name":"functions"},"message":"[worker-fetchPlacePhoto-2e8158ff-06c9-4570-bafc-f1df34be05eb]: IDLE"}}
[debug] [2021-01-12T16:14:26.929Z] [work-queue] {"queueLength":0,"workRunningCount":0}
